Analysis & Synthesis report for DigitalClock
Thu Feb  1 11:57:52 2024
Quartus Prime Version 21.1.0 Build 842 10/21/2021 SJ Lite Edition


---------------------
; Table of Contents ;
---------------------
  1. Legal Notice
  2. Analysis & Synthesis Summary
  3. Analysis & Synthesis Settings
  4. Parallel Compilation
  5. Analysis & Synthesis Source Files Read
  6. Analysis & Synthesis Resource Usage Summary
  7. Analysis & Synthesis Resource Utilization by Entity
  8. User-Specified and Inferred Latches
  9. Registers Removed During Synthesis
 10. General Register Statistics
 11. Multiplexer Restructuring Statistics (Restructuring Performed)
 12. Analysis & Synthesis Messages



----------------
; Legal Notice ;
----------------
Copyright (C) 2021  Intel Corporation. All rights reserved.
Your use of Intel Corporation's design tools, logic functions 
and other software and tools, and any partner logic 
functions, and any output files from any of the foregoing 
(including device programming or simulation files), and any 
associated documentation or information are expressly subject 
to the terms and conditions of the Intel Program License 
Subscription Agreement, the Intel Quartus Prime License Agreement,
the Intel FPGA IP License Agreement, or other applicable license
agreement, including, without limitation, that your use is for
the sole purpose of programming logic devices manufactured by
Intel and sold by Intel or its authorized distributors.  Please
refer to the applicable agreement for further details, at
https://fpgasoftware.intel.com/eula.



+---------------------------------------------------------------------------+
; Analysis & Synthesis Summary                                              ;
+-----------------------------+---------------------------------------------+
; Analysis & Synthesis Status ; Successful - Thu Feb  1 11:57:52 2024       ;
; Quartus Prime Version       ; 21.1.0 Build 842 10/21/2021 SJ Lite Edition ;
; Revision Name               ; DigitalClock                                ;
; Top-level Entity Name       ; DigitalClock                                ;
; Family                      ; MAX II                                      ;
; Total logic elements        ; 118                                         ;
; Total pins                  ; 50                                          ;
; Total virtual pins          ; 0                                           ;
; UFM blocks                  ; 0 / 1 ( 0 % )                               ;
+-----------------------------+---------------------------------------------+


+------------------------------------------------------------------------------------------------------------+
; Analysis & Synthesis Settings                                                                              ;
+------------------------------------------------------------------+--------------------+--------------------+
; Option                                                           ; Setting            ; Default Value      ;
+------------------------------------------------------------------+--------------------+--------------------+
; Device                                                           ; EPM570T100C5       ;                    ;
; Top-level entity name                                            ; DigitalClock       ; DigitalClock       ;
; Family name                                                      ; MAX II             ; Cyclone V          ;
; Use smart compilation                                            ; Off                ; Off                ;
; Enable parallel Assembler and Timing Analyzer during compilation ; On                 ; On                 ;
; Enable compact report table                                      ; Off                ; Off                ;
; Restructure Multiplexers                                         ; Auto               ; Auto               ;
; Create Debugging Nodes for IP Cores                              ; Off                ; Off                ;
; Preserve fewer node names                                        ; On                 ; On                 ;
; Intel FPGA IP Evaluation Mode                                    ; Enable             ; Enable             ;
; Verilog Version                                                  ; Verilog_2001       ; Verilog_2001       ;
; VHDL Version                                                     ; VHDL_1993          ; VHDL_1993          ;
; State Machine Processing                                         ; Auto               ; Auto               ;
; Safe State Machine                                               ; Off                ; Off                ;
; Extract Verilog State Machines                                   ; On                 ; On                 ;
; Extract VHDL State Machines                                      ; On                 ; On                 ;
; Ignore Verilog initial constructs                                ; Off                ; Off                ;
; Iteration limit for constant Verilog loops                       ; 5000               ; 5000               ;
; Iteration limit for non-constant Verilog loops                   ; 250                ; 250                ;
; Add Pass-Through Logic to Inferred RAMs                          ; On                 ; On                 ;
; Infer RAMs from Raw Logic                                        ; On                 ; On                 ;
; Parallel Synthesis                                               ; On                 ; On                 ;
; NOT Gate Push-Back                                               ; On                 ; On                 ;
; Power-Up Don't Care                                              ; On                 ; On                 ;
; Remove Redundant Logic Cells                                     ; Off                ; Off                ;
; Remove Duplicate Registers                                       ; On                 ; On                 ;
; Ignore CARRY Buffers                                             ; Off                ; Off                ;
; Ignore CASCADE Buffers                                           ; Off                ; Off                ;
; Ignore GLOBAL Buffers                                            ; Off                ; Off                ;
; Ignore ROW GLOBAL Buffers                                        ; Off                ; Off                ;
; Ignore LCELL Buffers                                             ; Off                ; Off                ;
; Ignore SOFT Buffers                                              ; On                 ; On                 ;
; Limit AHDL Integers to 32 Bits                                   ; Off                ; Off                ;
; Optimization Technique                                           ; Balanced           ; Balanced           ;
; Carry Chain Length                                               ; 70                 ; 70                 ;
; Auto Carry Chains                                                ; On                 ; On                 ;
; Auto Open-Drain Pins                                             ; On                 ; On                 ;
; Perform WYSIWYG Primitive Resynthesis                            ; Off                ; Off                ;
; Auto Shift Register Replacement                                  ; Auto               ; Auto               ;
; Allow Shift Register Merging across Hierarchies                  ; Auto               ; Auto               ;
; Auto Clock Enable Replacement                                    ; On                 ; On                 ;
; Allow Synchronous Control Signals                                ; On                 ; On                 ;
; Force Use of Synchronous Clear Signals                           ; Off                ; Off                ;
; Auto Resource Sharing                                            ; Off                ; Off                ;
; Use LogicLock Constraints during Resource Balancing              ; On                 ; On                 ;
; Ignore translate_off and synthesis_off directives                ; Off                ; Off                ;
; Report Parameter Settings                                        ; On                 ; On                 ;
; Report Source Assignments                                        ; On                 ; On                 ;
; Report Connectivity Checks                                       ; On                 ; On                 ;
; Ignore Maximum Fan-Out Assignments                               ; Off                ; Off                ;
; Synchronization Register Chain Length                            ; 2                  ; 2                  ;
; Power Optimization During Synthesis                              ; Normal compilation ; Normal compilation ;
; HDL message level                                                ; Level2             ; Level2             ;
; Suppress Register Optimization Related Messages                  ; Off                ; Off                ;
; Number of Removed Registers Reported in Synthesis Report         ; 5000               ; 5000               ;
; Number of Swept Nodes Reported in Synthesis Report               ; 5000               ; 5000               ;
; Number of Inverted Registers Reported in Synthesis Report        ; 100                ; 100                ;
; Clock MUX Protection                                             ; On                 ; On                 ;
; Block Design Naming                                              ; Auto               ; Auto               ;
; Synthesis Effort                                                 ; Auto               ; Auto               ;
; Shift Register Replacement - Allow Asynchronous Clear Signal     ; On                 ; On                 ;
; Analysis & Synthesis Message Level                               ; Medium             ; Medium             ;
; Disable Register Merging Across Hierarchies                      ; Auto               ; Auto               ;
+------------------------------------------------------------------+--------------------+--------------------+


+------------------------------------------+
; Parallel Compilation                     ;
+----------------------------+-------------+
; Processors                 ; Number      ;
+----------------------------+-------------+
; Number detected on machine ; 8           ;
; Maximum allowed            ; 4           ;
;                            ;             ;
; Average used               ; 1.00        ;
; Maximum used               ; 1           ;
;                            ;             ;
; Usage by Processor         ; % Time Used ;
;     Processor 1            ; 100.0%      ;
+----------------------------+-------------+


+-------------------------------------------------------------------------------------------------------------------------------------------------------------+
; Analysis & Synthesis Source Files Read                                                                                                                      ;
+----------------------------------+-----------------+------------------------+---------------------------------------------------------------------+---------+
; File Name with User-Entered Path ; Used in Netlist ; File Type              ; File Name with Absolute Path                                        ; Library ;
+----------------------------------+-----------------+------------------------+---------------------------------------------------------------------+---------+
; DigitalClock.v                   ; yes             ; User Verilog HDL File  ; C:/Users/mi201326/Documents/verilog HDL/DigitalClock/DigitalClock.v ;         ;
+----------------------------------+-----------------+------------------------+---------------------------------------------------------------------+---------+


+-----------------------------------------------------+
; Analysis & Synthesis Resource Usage Summary         ;
+---------------------------------------------+-------+
; Resource                                    ; Usage ;
+---------------------------------------------+-------+
; Total logic elements                        ; 118   ;
;     -- Combinational with no register       ; 71    ;
;     -- Register only                        ; 1     ;
;     -- Combinational with a register        ; 46    ;
;                                             ;       ;
; Logic element usage by number of LUT inputs ;       ;
;     -- 4 input functions                    ; 53    ;
;     -- 3 input functions                    ; 26    ;
;     -- 2 input functions                    ; 33    ;
;     -- 1 input functions                    ; 5     ;
;     -- 0 input functions                    ; 0     ;
;                                             ;       ;
; Logic elements by mode                      ;       ;
;     -- normal mode                          ; 91    ;
;     -- arithmetic mode                      ; 27    ;
;     -- qfbk mode                            ; 0     ;
;     -- register cascade mode                ; 0     ;
;     -- synchronous clear/load mode          ; 23    ;
;     -- asynchronous clear/load mode         ; 47    ;
;                                             ;       ;
; Total registers                             ; 47    ;
; Total logic cells in carry chains           ; 29    ;
; I/O pins                                    ; 50    ;
; Maximum fan-out node                        ; nRST  ;
; Maximum fan-out                             ; 47    ;
; Total fan-out                               ; 519   ;
; Average fan-out                             ; 3.09  ;
+---------------------------------------------+-------+


+-------------------------------------------------------------------------------------------------------------------------------------------------------------------------------------------------------------------------------------+
; Analysis & Synthesis Resource Utilization by Entity                                                                                                                                                                                 ;
+----------------------------+-------------+--------------+------------+------+--------------+--------------+-------------------+------------------+-----------------+------------+---------------------+--------------+--------------+
; Compilation Hierarchy Node ; Logic Cells ; LC Registers ; UFM Blocks ; Pins ; Virtual Pins ; LUT-Only LCs ; Register-Only LCs ; LUT/Register LCs ; Carry Chain LCs ; Packed LCs ; Full Hierarchy Name ; Entity Name  ; Library Name ;
+----------------------------+-------------+--------------+------------+------+--------------+--------------+-------------------+------------------+-----------------+------------+---------------------+--------------+--------------+
; |DigitalClock              ; 118 (118)   ; 47           ; 0          ; 50   ; 0            ; 71 (71)      ; 1 (1)             ; 46 (46)          ; 29 (29)         ; 0 (0)      ; |DigitalClock       ; DigitalClock ; work         ;
+----------------------------+-------------+--------------+------------+------+--------------+--------------+-------------------+------------------+-----------------+------------+---------------------+--------------+--------------+
Note: For table entries with two numbers listed, the numbers in parentheses indicate the number of resources of the given type used by the specific entity alone. The numbers listed outside of parentheses indicate the total resources of the given type used by the specific entity and all of its sub-entities in the hierarchy.


+----------------------------------------------------------------------------------------------------+
; User-Specified and Inferred Latches                                                                ;
+-----------------------------------------------------+---------------------+------------------------+
; Latch Name                                          ; Latch Enable Signal ; Free of Timing Hazards ;
+-----------------------------------------------------+---------------------+------------------------+
; switch_h                                            ; pCLK                ; yes                    ;
; divFigure[4]                                        ; pCLK                ; yes                    ;
; divFigure[5]                                        ; pCLK                ; yes                    ;
; divFigure[6]                                        ; pCLK                ; yes                    ;
; divFigure[7]                                        ; pCLK                ; yes                    ;
; divFigure[8]                                        ; pCLK                ; yes                    ;
; divFigure[10]                                       ; pCLK                ; yes                    ;
; divFigure[11]                                       ; pCLK                ; yes                    ;
; divFigure[12]                                       ; pCLK                ; yes                    ;
; divFigure[15]                                       ; pCLK                ; yes                    ;
; divFigure[16]                                       ; pCLK                ; yes                    ;
; divFigure[17]                                       ; pCLK                ; yes                    ;
; divFigure[18]                                       ; pCLK                ; yes                    ;
; divFigure[19]                                       ; pCLK                ; yes                    ;
; divFigure[20]                                       ; pCLK                ; yes                    ;
; divFigure[21]                                       ; pCLK                ; yes                    ;
; divFigure[22]                                       ; pCLK                ; yes                    ;
; Number of user-specified and inferred latches = 17  ;                     ;                        ;
+-----------------------------------------------------+---------------------+------------------------+
Note: All latches listed above may not be present at the end of synthesis due to various synthesis optimizations.


+--------------------------------------------------------------------------------+
; Registers Removed During Synthesis                                             ;
+---------------------------------------+----------------------------------------+
; Register name                         ; Reason for Removal                     ;
+---------------------------------------+----------------------------------------+
; cnt3[2,3]                             ; Stuck at GND due to stuck port data_in ;
; Total Number of Removed Registers = 2 ;                                        ;
+---------------------------------------+----------------------------------------+


+------------------------------------------------------+
; General Register Statistics                          ;
+----------------------------------------------+-------+
; Statistic                                    ; Value ;
+----------------------------------------------+-------+
; Total registers                              ; 47    ;
; Number of registers using Synchronous Clear  ; 23    ;
; Number of registers using Synchronous Load   ; 0     ;
; Number of registers using Asynchronous Clear ; 47    ;
; Number of registers using Asynchronous Load  ; 0     ;
; Number of registers using Clock Enable       ; 4     ;
; Number of registers using Preset             ; 0     ;
+----------------------------------------------+-------+


+------------------------------------------------------------------------------------------------------------------------------------------+
; Multiplexer Restructuring Statistics (Restructuring Performed)                                                                           ;
+--------------------+-----------+---------------+----------------------+------------------------+------------+----------------------------+
; Multiplexer Inputs ; Bus Width ; Baseline Area ; Area if Restructured ; Saving if Restructured ; Registered ; Example Multiplexer Output ;
+--------------------+-----------+---------------+----------------------+------------------------+------------+----------------------------+
; 3:1                ; 6 bits    ; 12 LEs        ; 6 LEs                ; 6 LEs                  ; Yes        ; |DigitalClock|sec[1]       ;
; 6:1                ; 4 bits    ; 16 LEs        ; 4 LEs                ; 12 LEs                 ; Yes        ; |DigitalClock|cnt3[2]      ;
; 7:1                ; 4 bits    ; 16 LEs        ; 4 LEs                ; 12 LEs                 ; Yes        ; |DigitalClock|cnt2[1]      ;
+--------------------+-----------+---------------+----------------------+------------------------+------------+----------------------------+


+-------------------------------+
; Analysis & Synthesis Messages ;
+-------------------------------+
Info: *******************************************************************
Info: Running Quartus Prime Analysis & Synthesis
    Info: Version 21.1.0 Build 842 10/21/2021 SJ Lite Edition
    Info: Processing started: Thu Feb  1 11:57:31 2024
Info: Command: quartus_map --read_settings_files=on --write_settings_files=off DigitalClock -c DigitalClock
Warning (18236): Number of processors has not been specified which may cause overloading on shared machines.  Set the global assignment NUM_PARALLEL_PROCESSORS in your QSF to an appropriate value for best performance.
Info (20030): Parallel compilation is enabled and will use 4 of the 4 processors detected
Info (12021): Found 1 design units, including 1 entities, in source file digitalclock.v
    Info (12023): Found entity 1: DigitalClock File: C:/Users/mi201326/Documents/verilog HDL/DigitalClock/DigitalClock.v Line: 1
Info (12127): Elaborating entity "DigitalClock" for the top level hierarchy
Warning (10240): Verilog HDL Always Construct warning at DigitalClock.v(37): inferring latch(es) for variable "divFigure", which holds its previous value in one or more paths through the always construct File: C:/Users/mi201326/Documents/verilog HDL/DigitalClock/DigitalClock.v Line: 37
Warning (10240): Verilog HDL Always Construct warning at DigitalClock.v(37): inferring latch(es) for variable "switch_h", which holds its previous value in one or more paths through the always construct File: C:/Users/mi201326/Documents/verilog HDL/DigitalClock/DigitalClock.v Line: 37
Info (10041): Inferred latch for "switch_h" at DigitalClock.v(37) File: C:/Users/mi201326/Documents/verilog HDL/DigitalClock/DigitalClock.v Line: 37
Info (10041): Inferred latch for "divFigure[0]" at DigitalClock.v(37) File: C:/Users/mi201326/Documents/verilog HDL/DigitalClock/DigitalClock.v Line: 37
Info (10041): Inferred latch for "divFigure[1]" at DigitalClock.v(37) File: C:/Users/mi201326/Documents/verilog HDL/DigitalClock/DigitalClock.v Line: 37
Info (10041): Inferred latch for "divFigure[2]" at DigitalClock.v(37) File: C:/Users/mi201326/Documents/verilog HDL/DigitalClock/DigitalClock.v Line: 37
Info (10041): Inferred latch for "divFigure[3]" at DigitalClock.v(37) File: C:/Users/mi201326/Documents/verilog HDL/DigitalClock/DigitalClock.v Line: 37
Info (10041): Inferred latch for "divFigure[4]" at DigitalClock.v(37) File: C:/Users/mi201326/Documents/verilog HDL/DigitalClock/DigitalClock.v Line: 37
Info (10041): Inferred latch for "divFigure[5]" at DigitalClock.v(37) File: C:/Users/mi201326/Documents/verilog HDL/DigitalClock/DigitalClock.v Line: 37
Info (10041): Inferred latch for "divFigure[6]" at DigitalClock.v(37) File: C:/Users/mi201326/Documents/verilog HDL/DigitalClock/DigitalClock.v Line: 37
Info (10041): Inferred latch for "divFigure[7]" at DigitalClock.v(37) File: C:/Users/mi201326/Documents/verilog HDL/DigitalClock/DigitalClock.v Line: 37
Info (10041): Inferred latch for "divFigure[8]" at DigitalClock.v(37) File: C:/Users/mi201326/Documents/verilog HDL/DigitalClock/DigitalClock.v Line: 37
Info (10041): Inferred latch for "divFigure[9]" at DigitalClock.v(37) File: C:/Users/mi201326/Documents/verilog HDL/DigitalClock/DigitalClock.v Line: 37
Info (10041): Inferred latch for "divFigure[10]" at DigitalClock.v(37) File: C:/Users/mi201326/Documents/verilog HDL/DigitalClock/DigitalClock.v Line: 37
Info (10041): Inferred latch for "divFigure[11]" at DigitalClock.v(37) File: C:/Users/mi201326/Documents/verilog HDL/DigitalClock/DigitalClock.v Line: 37
Info (10041): Inferred latch for "divFigure[12]" at DigitalClock.v(37) File: C:/Users/mi201326/Documents/verilog HDL/DigitalClock/DigitalClock.v Line: 37
Info (10041): Inferred latch for "divFigure[13]" at DigitalClock.v(37) File: C:/Users/mi201326/Documents/verilog HDL/DigitalClock/DigitalClock.v Line: 37
Info (10041): Inferred latch for "divFigure[14]" at DigitalClock.v(37) File: C:/Users/mi201326/Documents/verilog HDL/DigitalClock/DigitalClock.v Line: 37
Info (10041): Inferred latch for "divFigure[15]" at DigitalClock.v(37) File: C:/Users/mi201326/Documents/verilog HDL/DigitalClock/DigitalClock.v Line: 37
Info (10041): Inferred latch for "divFigure[16]" at DigitalClock.v(37) File: C:/Users/mi201326/Documents/verilog HDL/DigitalClock/DigitalClock.v Line: 37
Info (10041): Inferred latch for "divFigure[17]" at DigitalClock.v(37) File: C:/Users/mi201326/Documents/verilog HDL/DigitalClock/DigitalClock.v Line: 37
Info (10041): Inferred latch for "divFigure[18]" at DigitalClock.v(37) File: C:/Users/mi201326/Documents/verilog HDL/DigitalClock/DigitalClock.v Line: 37
Info (10041): Inferred latch for "divFigure[19]" at DigitalClock.v(37) File: C:/Users/mi201326/Documents/verilog HDL/DigitalClock/DigitalClock.v Line: 37
Info (10041): Inferred latch for "divFigure[20]" at DigitalClock.v(37) File: C:/Users/mi201326/Documents/verilog HDL/DigitalClock/DigitalClock.v Line: 37
Info (10041): Inferred latch for "divFigure[21]" at DigitalClock.v(37) File: C:/Users/mi201326/Documents/verilog HDL/DigitalClock/DigitalClock.v Line: 37
Info (10041): Inferred latch for "divFigure[22]" at DigitalClock.v(37) File: C:/Users/mi201326/Documents/verilog HDL/DigitalClock/DigitalClock.v Line: 37
Info (13025): Duplicate LATCH primitives merged into single LATCH primitive
    Info (13026): Duplicate LATCH primitive "divFigure[5]" merged with LATCH primitive "divFigure[4]" File: C:/Users/mi201326/Documents/verilog HDL/DigitalClock/DigitalClock.v Line: 37
    Info (13026): Duplicate LATCH primitive "divFigure[19]" merged with LATCH primitive "divFigure[6]" File: C:/Users/mi201326/Documents/verilog HDL/DigitalClock/DigitalClock.v Line: 37
    Info (13026): Duplicate LATCH primitive "divFigure[20]" merged with LATCH primitive "divFigure[6]" File: C:/Users/mi201326/Documents/verilog HDL/DigitalClock/DigitalClock.v Line: 37
    Info (13026): Duplicate LATCH primitive "divFigure[21]" merged with LATCH primitive "divFigure[6]" File: C:/Users/mi201326/Documents/verilog HDL/DigitalClock/DigitalClock.v Line: 37
    Info (13026): Duplicate LATCH primitive "divFigure[15]" merged with LATCH primitive "divFigure[10]" File: C:/Users/mi201326/Documents/verilog HDL/DigitalClock/DigitalClock.v Line: 37
    Info (13026): Duplicate LATCH primitive "divFigure[18]" merged with LATCH primitive "divFigure[16]" File: C:/Users/mi201326/Documents/verilog HDL/DigitalClock/DigitalClock.v Line: 37
    Info (13026): Duplicate LATCH primitive "divFigure[22]" merged with LATCH primitive "divFigure[17]" File: C:/Users/mi201326/Documents/verilog HDL/DigitalClock/DigitalClock.v Line: 37
Warning (13024): Output pins are stuck at VCC or GND
    Warning (13410): Pin "DLED[6]" is stuck at VCC File: C:/Users/mi201326/Documents/verilog HDL/DigitalClock/DigitalClock.v Line: 4
    Warning (13410): Pin "DLED[7]" is stuck at VCC File: C:/Users/mi201326/Documents/verilog HDL/DigitalClock/DigitalClock.v Line: 4
    Warning (13410): Pin "SLED3[1]" is stuck at GND File: C:/Users/mi201326/Documents/verilog HDL/DigitalClock/DigitalClock.v Line: 4
    Warning (13410): Pin "SLED3[7]" is stuck at VCC File: C:/Users/mi201326/Documents/verilog HDL/DigitalClock/DigitalClock.v Line: 4
Warning (21074): Design contains 3 input pin(s) that do not drive logic
    Warning (15610): No output dependent on input pin "TSW[4]" File: C:/Users/mi201326/Documents/verilog HDL/DigitalClock/DigitalClock.v Line: 3
    Warning (15610): No output dependent on input pin "TSW[5]" File: C:/Users/mi201326/Documents/verilog HDL/DigitalClock/DigitalClock.v Line: 3
    Warning (15610): No output dependent on input pin "TSW[6]" File: C:/Users/mi201326/Documents/verilog HDL/DigitalClock/DigitalClock.v Line: 3
Info (21057): Implemented 168 device resources after synthesis - the final resource count might be different
    Info (21058): Implemented 10 input pins
    Info (21059): Implemented 40 output pins
    Info (21061): Implemented 118 logic cells
Info: Quartus Prime Analysis & Synthesis was successful. 0 errors, 12 warnings
    Info: Peak virtual memory: 4722 megabytes
    Info: Processing ended: Thu Feb  1 11:57:52 2024
    Info: Elapsed time: 00:00:21
    Info: Total CPU time (on all processors): 00:00:39


